<?xml version="1.0" encoding="UTF-8"?>
<!-- Generated by org.testng.reporters.JUnitReportReporter -->
<testsuite hostname="IN-PG02H8SH" failures="0" tests="1" name="com.test.SignUpTest" time="6.272" errors="0" timestamp="2022-06-29T14:03:47 IST" skipped="0">
  <testcase classname="com.test.SignUpTest" name="signUp" time="6.272"/>
  <system-out/>
</testsuite> <!-- com.test.SignUpTest -->
