<?xml version="1.0" encoding="UTF-8"?>
<!-- Generated by org.testng.reporters.JUnitReportReporter -->
<testsuite hostname="IN-PG02H8SH" failures="0" tests="2" name="com.test.SignupPageTest" time="19.412" errors="0" timestamp="2022-07-03T21:59:21 IST" skipped="0">
  <testcase classname="com.test.SignupPageTest" name="signUpTest1" time="10.012"/>
  <system-out/>
  <testcase classname="com.test.SignupPageTest" name="signUpTest2" time="9.400"/>
  <system-out/>
</testsuite> <!-- com.test.SignupPageTest -->
