<?xml version="1.0" encoding="UTF-8"?>
<!-- Generated by org.testng.reporters.JUnitReportReporter -->
<testsuite hostname="IN-PG02H8SH" failures="0" tests="1" name="Test.HomeTest" time="2.969" errors="0" timestamp="2022-06-28T16:10:32 IST" skipped="0">
  <testcase classname="Test.HomeTest" name="init" time="2.969"/>
  <system-out/>
</testsuite> <!-- Test.HomeTest -->
