<?xml version="1.0" encoding="UTF-8"?>
<!-- Generated by org.testng.reporters.JUnitReportReporter -->
<testsuite hostname="IN-PG02H8SH" failures="0" tests="5" name="com.test.HomePageTest" time="33.060" errors="0" timestamp="2022-07-03T21:59:21 IST" skipped="0">
  <testcase classname="com.test.HomePageTest" name="VerifyTitleTest1" time="9.970"/>
  <system-out/>
  <testcase classname="com.test.HomePageTest" name="VerifyTitleTest2" time="6.415"/>
  <system-out/>
  <testcase classname="com.test.HomePageTest" name="SearchItem" time="7.539"/>
  <system-out/>
  <testcase classname="com.test.HomePageTest" name="IsLogoDisplay" time="4.499"/>
  <system-out/>
  <testcase classname="com.test.HomePageTest" name="IsMenuAvailable" time="4.637"/>
  <system-out/>
</testsuite> <!-- com.test.HomePageTest -->
