<?xml version="1.0" encoding="UTF-8"?>
<!-- Generated by org.testng.reporters.JUnitReportReporter -->
<testsuite hostname="IN-PG02H8SH" failures="0" tests="1" name="com.test.LoginTest" time="10.738" errors="0" timestamp="2022-07-01T16:14:59 IST" skipped="0">
  <testcase classname="com.test.LoginTest" name="LoginTest3" time="10.738"/>
  <system-out/>
</testsuite> <!-- com.test.LoginTest -->
