<?xml version="1.0" encoding="UTF-8"?>
<!-- Generated by org.testng.reporters.JUnitReportReporter -->
<testsuite hostname="IN-PG02H8SH" failures="0" tests="1" name="com.assertions.hardAssrtion" time="6.367" errors="0" timestamp="2022-06-29T16:44:22 IST" skipped="0">
  <testcase classname="com.assertions.hardAssrtion" name="verifyTitle" time="6.367"/>
  <system-out/>
</testsuite> <!-- com.assertions.hardAssrtion -->
