<?xml version="1.0" encoding="UTF-8"?>
<!-- Generated by org.testng.reporters.JUnitReportReporter -->
<testsuite hostname="LAPTOP-BN9BA7IM" failures="0" tests="1" name="com.test.LoginPageTest" time="9.536" errors="0" timestamp="2022-10-08T21:09:35 IST" skipped="0">
  <testcase classname="com.test.LoginPageTest" name="LoginTest3" time="9.536"/>
  <system-out/>
</testsuite> <!-- com.test.LoginPageTest -->
