<?xml version="1.0" encoding="UTF-8"?>
<!-- Generated by org.testng.reporters.JUnitReportReporter -->
<testsuite hostname="IN-PG02H8SH" failures="0" tests="1" name="com.test.HomeTest" time="11.602" errors="0" timestamp="2022-06-29T16:28:34 IST" skipped="0">
  <testcase classname="com.test.HomeTest" name="init" time="11.602"/>
  <system-out/>
</testsuite> <!-- com.test.HomeTest -->
